# JRE version: OpenJDK Runtime Environment (8.0_161-b14) (build 1.8.0_161-b14)
# Java VM: OpenJDK 64-Bit Server VM (25.161-b14 mixed mode linux-amd64 compressed oops)
Heap:
 PSYoungGen      total 215040K, used 11253K [0x00000000eab80000, 0x00000000f8980000, 0x0000000100000000)
  eden space 203776K, 0% used [0x00000000eab80000,0x00000000eab80000,0x00000000f7280000)
  from space 11264K, 99% used [0x00000000f7280000,0x00000000f7d7d508,0x00000000f7d80000)
  to   space 10240K, 0% used [0x00000000f7d80000,0x00000000f7d80000,0x00000000f8780000)
 ParOldGen       total 43520K, used 25577K [0x00000000c0200000, 0x00000000c2c80000, 0x00000000eab80000)
  object space 43520K, 58% used [0x00000000c0200000,0x00000000c1afa540,0x00000000c2c80000)
 Metaspace       used 50789K, capacity 52938K, committed 53120K, reserved 1095680K
  class space    used 6550K, capacity 6955K, committed 7040K, reserved 1048576K
GC Heap History (10 events):
Event: 652.297 GC heap after
Heap after GC invocations=8 (full 1):
 PSYoungGen      total 71168K, used 0K [0x00000000eab80000, 0x00000000f3580000, 0x0000000100000000)
  eden space 64512K, 0% used [0x00000000eab80000,0x00000000eab80000,0x00000000eea80000)
  from space 6656K, 0% used [0x00000000eea80000,0x00000000eea80000,0x00000000ef100000)
  to   space 6144K, 0% used [0x00000000f2f80000,0x00000000f2f80000,0x00000000f3580000)
 ParOldGen       total 25088K, used 5726K [0x00000000c0200000, 0x00000000c1a80000, 0x00000000eab80000)
  object space 25088K, 22% used [0x00000000c0200000,0x00000000c0797ad8,0x00000000c1a80000)
 Metaspace       used 20598K, capacity 21148K, committed 21296K, reserved 1069056K
  class space    used 2507K, capacity 2646K, committed 2688K, reserved 1048576K
}
Event: 652.917 GC heap before
{Heap before GC invocations=9 (full 1):
 PSYoungGen      total 71168K, used 64512K [0x00000000eab80000, 0x00000000f3580000, 0x0000000100000000)
  eden space 64512K, 100% used [0x00000000eab80000,0x00000000eea80000,0x00000000eea80000)
  from space 6656K, 0% used [0x00000000eea80000,0x00000000eea80000,0x00000000ef100000)
  to   space 6144K, 0% used [0x00000000f2f80000,0x00000000f2f80000,0x00000000f3580000)
 ParOldGen       total 25088K, used 5726K [0x00000000c0200000, 0x00000000c1a80000, 0x00000000eab80000)
  object space 25088K, 22% used [0x00000000c0200000,0x00000000c0797ad8,0x00000000c1a80000)
 Metaspace       used 26912K, capacity 27680K, committed 27904K, reserved 1073152K
  class space    used 3326K, capacity 3518K, committed 3584K, reserved 1048576K
Event: 652.929 GC heap after
Heap after GC invocations=9 (full 1):
 PSYoungGen      total 134144K, used 6136K [0x00000000eab80000, 0x00000000f3780000, 0x0000000100000000)
  eden space 128000K, 0% used [0x00000000eab80000,0x00000000eab80000,0x00000000f2880000)
  from space 6144K, 99% used [0x00000000f2f80000,0x00000000f357e0a8,0x00000000f3580000)
  to   space 7168K, 0% used [0x00000000f2880000,0x00000000f2880000,0x00000000f2f80000)
 ParOldGen       total 25088K, used 6138K [0x00000000c0200000, 0x00000000c1a80000, 0x00000000eab80000)
  object space 25088K, 24% used [0x00000000c0200000,0x00000000c07fea60,0x00000000c1a80000)
 Metaspace       used 26912K, capacity 27680K, committed 27904K, reserved 1073152K
  class space    used 3326K, capacity 3518K, committed 3584K, reserved 1048576K
}
Event: 653.838 GC heap before
{Heap before GC invocations=10 (full 1):
 PSYoungGen      total 134144K, used 134136K [0x00000000eab80000, 0x00000000f3780000, 0x0000000100000000)
  eden space 128000K, 100% used [0x00000000eab80000,0x00000000f2880000,0x00000000f2880000)
  from space 6144K, 99% used [0x00000000f2f80000,0x00000000f357e0a8,0x00000000f3580000)
  to   space 7168K, 0% used [0x00000000f2880000,0x00000000f2880000,0x00000000f2f80000)
 ParOldGen       total 25088K, used 6138K [0x00000000c0200000, 0x00000000c1a80000, 0x00000000eab80000)
  object space 25088K, 24% used [0x00000000c0200000,0x00000000c07fea60,0x00000000c1a80000)
 Metaspace       used 31744K, capacity 32806K, committed 32896K, reserved 1077248K
  class space    used 3938K, capacity 4179K, committed 4224K, reserved 1048576K
Event: 653.849 GC heap after
Heap after GC invocations=10 (full 1):
 PSYoungGen      total 135168K, used 7149K [0x00000000eab80000, 0x00000000f8780000, 0x0000000100000000)
  eden space 128000K, 0% used [0x00000000eab80000,0x00000000eab80000,0x00000000f2880000)
  from space 7168K, 99% used [0x00000000f2880000,0x00000000f2f7b5b0,0x00000000f2f80000)
  to   space 10240K, 0% used [0x00000000f7d80000,0x00000000f7d80000,0x00000000f8780000)
 ParOldGen       total 25088K, used 12260K [0x00000000c0200000, 0x00000000c1a80000, 0x00000000eab80000)
  object space 25088K, 48% used [0x00000000c0200000,0x00000000c0df9378,0x00000000c1a80000)
 Metaspace       used 31744K, capacity 32806K, committed 32896K, reserved 1077248K
  class space    used 3938K, capacity 4179K, committed 4224K, reserved 1048576K
}
Event: 654.523 GC heap before
{Heap before GC invocations=11 (full 1):
 PSYoungGen      total 135168K, used 86137K [0x00000000eab80000, 0x00000000f8780000, 0x0000000100000000)
  eden space 128000K, 61% used [0x00000000eab80000,0x00000000ef8a2f08,0x00000000f2880000)
  from space 7168K, 99% used [0x00000000f2880000,0x00000000f2f7b5b0,0x00000000f2f80000)
  to   space 10240K, 0% used [0x00000000f7d80000,0x00000000f7d80000,0x00000000f8780000)
 ParOldGen       total 25088K, used 12260K [0x00000000c0200000, 0x00000000c1a80000, 0x00000000eab80000)
  object space 25088K, 48% used [0x00000000c0200000,0x00000000c0df9378,0x00000000c1a80000)
 Metaspace       used 34106K, capacity 35372K, committed 35496K, reserved 1081344K
  class space    used 4253K, capacity 4528K, committed 4608K, reserved 1048576K
Event: 654.540 GC heap after
Heap after GC invocations=11 (full 1):
 PSYoungGen      total 214016K, used 8892K [0x00000000eab80000, 0x00000000f8980000, 0x0000000100000000)
  eden space 203776K, 0% used [0x00000000eab80000,0x00000000eab80000,0x00000000f7280000)
  from space 10240K, 86% used [0x00000000f7d80000,0x00000000f862f3e8,0x00000000f8780000)
  to   space 11264K, 0% used [0x00000000f7280000,0x00000000f7280000,0x00000000f7d80000)
 ParOldGen       total 25088K, used 14549K [0x00000000c0200000, 0x00000000c1a80000, 0x00000000eab80000)
  object space 25088K, 57% used [0x00000000c0200000,0x00000000c1035750,0x00000000c1a80000)
 Metaspace       used 34106K, capacity 35372K, committed 35496K, reserved 1081344K
  class space    used 4253K, capacity 4528K, committed 4608K, reserved 1048576K
}
Event: 654.540 GC heap before
{Heap before GC invocations=12 (full 2):
 PSYoungGen      total 214016K, used 8892K [0x00000000eab80000, 0x00000000f8980000, 0x0000000100000000)
  eden space 203776K, 0% used [0x00000000eab80000,0x00000000eab80000,0x00000000f7280000)
  from space 10240K, 86% used [0x00000000f7d80000,0x00000000f862f3e8,0x00000000f8780000)
  to   space 11264K, 0% used [0x00000000f7280000,0x00000000f7280000,0x00000000f7d80000)
 ParOldGen       total 25088K, used 14549K [0x00000000c0200000, 0x00000000c1a80000, 0x00000000eab80000)
  object space 25088K, 57% used [0x00000000c0200000,0x00000000c1035750,0x00000000c1a80000)
 Metaspace       used 34106K, capacity 35372K, committed 35496K, reserved 1081344K
  class space    used 4253K, capacity 4528K, committed 4608K, reserved 1048576K
Event: 654.589 GC heap after
Heap after GC invocations=12 (full 2):
 PSYoungGen      total 214016K, used 0K [0x00000000eab80000, 0x00000000f8980000, 0x0000000100000000)
  eden space 203776K, 0% used [0x00000000eab80000,0x00000000eab80000,0x00000000f7280000)
  from space 10240K, 0% used [0x00000000f7d80000,0x00000000f7d80000,0x00000000f8780000)
  to   space 11264K, 0% used [0x00000000f7280000,0x00000000f7280000,0x00000000f7d80000)
 ParOldGen       total 43520K, used 17183K [0x00000000c0200000, 0x00000000c2c80000, 0x00000000eab80000)
  object space 43520K, 39% used [0x00000000c0200000,0x00000000c12c7e20,0x00000000c2c80000)
 Metaspace       used 34106K, capacity 35372K, committed 35496K, reserved 1081344K
  class space    used 4253K, capacity 4528K, committed 4608K, reserved 1048576K
}
Event: 657.310 GC heap before
{Heap before GC invocations=13 (full 2):
 PSYoungGen      total 214016K, used 203776K [0x00000000eab80000, 0x00000000f8980000, 0x0000000100000000)
  eden space 203776K, 100% used [0x00000000eab80000,0x00000000f7280000,0x00000000f7280000)
  from space 10240K, 0% used [0x00000000f7d80000,0x00000000f7d80000,0x00000000f8780000)
  to   space 11264K, 0% used [0x00000000f7280000,0x00000000f7280000,0x00000000f7d80000)
 ParOldGen       total 43520K, used 17183K [0x00000000c0200000, 0x00000000c2c80000, 0x00000000eab80000)
  object space 43520K, 39% used [0x00000000c0200000,0x00000000c12c7e20,0x00000000c2c80000)
 Metaspace       used 50789K, capacity 52938K, committed 53120K, reserved 1095680K
  class space    used 6550K, capacity 6955K, committed 7040K, reserved 1048576K

